19-08-2018 19:48:49.010 [restartedMain] INFO  com.demo.ClusterDemoFinalApplication.logStarting - Starting ClusterDemoFinalApplication on Sonalis-MacBook-Pro.local with PID 25384 (/Users/sonalisahu/Documents/workspace-sts-3.8.2.RELEASE/ClusterDemoFinal/target/classes started by sonalisahu in /Users/sonalisahu/Documents/workspace-sts-3.8.2.RELEASE/ClusterDemoFinal)
19-08-2018 19:48:49.016 [restartedMain] INFO  com.demo.ClusterDemoFinalApplication.logStartupProfileInfo - The following profiles are active: h2
19-08-2018 19:48:49.021 [restartedMain] INFO  o.s.b.w.s.c.AnnotationConfigServletWebServerApplicationContext.prepareRefresh - Refreshing org.springframework.boot.web.servlet.context.AnnotationConfigServletWebServerApplicationContext@3dc488e8: startup date [Sun Aug 19 19:48:49 PDT 2018]; root of context hierarchy
19-08-2018 19:48:49.985 [restartedMain] INFO  o.s.b.f.s.DefaultListableBeanFactory.registerBeanDefinition - Overriding bean definition for bean 'httpRequestHandlerAdapter' with a different definition: replacing [Root bean: class [null]; scope=; abstract=false; lazyInit=false; autowireMode=3; dependencyCheck=0; autowireCandidate=true; primary=false; factoryBeanName=org.springframework.boot.autoconfigure.web.servlet.WebMvcAutoConfiguration$EnableWebMvcConfiguration; factoryMethodName=httpRequestHandlerAdapter; initMethodName=null; destroyMethodName=(inferred); defined in class path resource [org/springframework/boot/autoconfigure/web/servlet/WebMvcAutoConfiguration$EnableWebMvcConfiguration.class]] with [Root bean: class [null]; scope=; abstract=false; lazyInit=false; autowireMode=3; dependencyCheck=0; autowireCandidate=true; primary=false; factoryBeanName=org.springframework.data.rest.webmvc.config.RepositoryRestMvcConfiguration; factoryMethodName=httpRequestHandlerAdapter; initMethodName=null; destroyMethodName=(inferred); defined in class path resource [org/springframework/data/rest/webmvc/config/RepositoryRestMvcConfiguration.class]]
19-08-2018 19:48:50.014 [restartedMain] INFO  o.s.i.config.IntegrationRegistrar.registerHeaderChannelRegistry - No bean named 'integrationHeaderChannelRegistry' has been explicitly defined. Therefore, a default DefaultHeaderChannelRegistry will be created.
19-08-2018 19:48:50.089 [restartedMain] INFO  o.s.i.c.DefaultConfiguringBeanFactoryPostProcessor.registerErrorChannel - No bean named 'errorChannel' has been explicitly defined. Therefore, a default PublishSubscribeChannel will be created.
19-08-2018 19:48:50.090 [restartedMain] INFO  o.s.i.c.DefaultConfiguringBeanFactoryPostProcessor.registerTaskScheduler - No bean named 'taskScheduler' has been explicitly defined. Therefore, a default ThreadPoolTaskScheduler will be created.
19-08-2018 19:48:50.142 [restartedMain] INFO  o.s.c.s.PostProcessorRegistrationDelegate$BeanPostProcessorChecker.postProcessAfterInitialization - Bean 'org.springframework.transaction.annotation.ProxyTransactionManagementConfiguration' of type [org.springframework.transaction.annotation.ProxyTransactionManagementConfiguration$$EnhancerBySpringCGLIB$$401c6eeb] is not eligible for getting processed by all BeanPostProcessors (for example: not eligible for auto-proxying)
19-08-2018 19:48:50.163 [restartedMain] INFO  o.s.c.s.PostProcessorRegistrationDelegate$BeanPostProcessorChecker.postProcessAfterInitialization - Bean 'org.springframework.integration.config.IntegrationManagementConfiguration' of type [org.springframework.integration.config.IntegrationManagementConfiguration$$EnhancerBySpringCGLIB$$ab0e2a1a] is not eligible for getting processed by all BeanPostProcessors (for example: not eligible for auto-proxying)
19-08-2018 19:48:50.175 [restartedMain] INFO  o.s.c.s.PostProcessorRegistrationDelegate$BeanPostProcessorChecker.postProcessAfterInitialization - Bean 'org.springframework.integration.dsl.context.IntegrationFlowContext' of type [org.springframework.integration.dsl.context.IntegrationFlowContext] is not eligible for getting processed by all BeanPostProcessors (for example: not eligible for auto-proxying)
19-08-2018 19:48:50.397 [restartedMain] INFO  o.s.b.w.e.tomcat.TomcatWebServer.initialize - Tomcat initialized with port(s): 8080 (http)
19-08-2018 19:48:50.399 [restartedMain] INFO  o.a.catalina.core.StandardService.log - Starting service [Tomcat]
19-08-2018 19:48:50.399 [restartedMain] INFO  o.a.catalina.core.StandardEngine.log - Starting Servlet Engine: Apache Tomcat/8.5.31
19-08-2018 19:48:50.413 [localhost-startStop-1] INFO  o.a.c.c.C.[Tomcat].[localhost].[/].log - Initializing Spring embedded WebApplicationContext
19-08-2018 19:48:50.414 [localhost-startStop-1] INFO  o.s.web.context.ContextLoader.prepareWebApplicationContext - Root WebApplicationContext: initialization completed in 1393 ms
19-08-2018 19:48:50.507 [localhost-startStop-1] INFO  o.s.b.w.s.FilterRegistrationBean.configure - Mapping filter: 'characterEncodingFilter' to: [/*]
19-08-2018 19:48:50.509 [localhost-startStop-1] INFO  o.s.b.w.s.FilterRegistrationBean.configure - Mapping filter: 'hiddenHttpMethodFilter' to: [/*]
19-08-2018 19:48:50.510 [localhost-startStop-1] INFO  o.s.b.w.s.FilterRegistrationBean.configure - Mapping filter: 'httpPutFormContentFilter' to: [/*]
19-08-2018 19:48:50.511 [localhost-startStop-1] INFO  o.s.b.w.s.FilterRegistrationBean.configure - Mapping filter: 'requestContextFilter' to: [/*]
19-08-2018 19:48:50.511 [localhost-startStop-1] INFO  o.s.b.w.s.DelegatingFilterProxyRegistrationBean.configure - Mapping filter: 'springSecurityFilterChain' to: [/*]
19-08-2018 19:48:50.511 [localhost-startStop-1] INFO  o.s.b.w.s.ServletRegistrationBean.addRegistration - Servlet dispatcherServlet mapped to [/]
19-08-2018 19:48:50.512 [localhost-startStop-1] INFO  o.s.b.w.s.ServletRegistrationBean.addRegistration - Servlet webServlet mapped to [/h2-console/*]
19-08-2018 19:48:50.559 [restartedMain] INFO  com.zaxxer.hikari.HikariDataSource.getConnection - HikariPool-3 - Starting...
19-08-2018 19:48:50.564 [restartedMain] INFO  com.zaxxer.hikari.HikariDataSource.getConnection - HikariPool-3 - Start completed.
19-08-2018 19:48:50.565 [restartedMain] INFO  o.s.jdbc.datasource.init.ScriptUtils.executeSqlScript - Executing SQL script from URL [file:/Users/sonalisahu/Documents/workspace-sts-3.8.2.RELEASE/ClusterDemoFinal/target/classes/schema-h2.sql]
19-08-2018 19:48:50.569 [restartedMain] INFO  o.s.jdbc.datasource.init.ScriptUtils.executeSqlScript - Executed SQL script from URL [file:/Users/sonalisahu/Documents/workspace-sts-3.8.2.RELEASE/ClusterDemoFinal/target/classes/schema-h2.sql] in 4 ms.
19-08-2018 19:48:50.628 [restartedMain] INFO  o.s.o.j.LocalContainerEntityManagerFactoryBean.createNativeEntityManagerFactory - Building JPA container EntityManagerFactory for persistence unit 'default'
19-08-2018 19:48:50.629 [restartedMain] INFO  o.h.jpa.internal.util.LogHelper.logPersistenceUnitInformation - HHH000204: Processing PersistenceUnitInfo [
	name: default
	...]
19-08-2018 19:48:50.646 [restartedMain] INFO  org.hibernate.dialect.Dialect.<init> - HHH000400: Using dialect: org.hibernate.dialect.H2Dialect
19-08-2018 19:48:50.709 [restartedMain] INFO  o.h.t.s.internal.SchemaCreatorImpl.applyImportSources - HHH000476: Executing import script 'org.hibernate.tool.schema.internal.exec.ScriptSourceInputNonExistentImpl@5d6fe96'
19-08-2018 19:48:50.710 [restartedMain] INFO  o.s.o.j.LocalContainerEntityManagerFactoryBean.buildNativeEntityManagerFactory - Initialized JPA EntityManagerFactory for persistence unit 'default'
19-08-2018 19:48:51.053 [restartedMain] INFO  o.s.w.s.h.SimpleUrlHandlerMapping.registerHandler - Mapped URL path [/**/favicon.ico] onto handler of type [class org.springframework.web.servlet.resource.ResourceHttpRequestHandler]
19-08-2018 19:48:51.137 [restartedMain] INFO  o.s.w.s.m.m.a.RequestMappingHandlerAdapter.initControllerAdviceCache - Looking for @ControllerAdvice: org.springframework.boot.web.servlet.context.AnnotationConfigServletWebServerApplicationContext@3dc488e8: startup date [Sun Aug 19 19:48:49 PDT 2018]; root of context hierarchy
19-08-2018 19:48:51.149 [restartedMain] WARN  o.s.b.a.o.j.JpaBaseConfiguration$JpaWebConfiguration$JpaWebMvcConfiguration.openEntityManagerInViewInterceptor - spring.jpa.open-in-view is enabled by default. Therefore, database queries may be performed during view rendering. Explicitly configure spring.jpa.open-in-view to disable this warning
19-08-2018 19:48:51.158 [restartedMain] INFO  o.s.w.s.m.m.a.RequestMappingHandlerMapping.register - Mapped "{[/]}" onto java.lang.String com.demo.controller.IndexController.index()
19-08-2018 19:48:51.163 [restartedMain] INFO  o.s.w.s.m.m.a.RequestMappingHandlerMapping.register - Mapped "{[/error]}" onto public org.springframework.http.ResponseEntity<java.util.Map<java.lang.String, java.lang.Object>> org.springframework.boot.autoconfigure.web.servlet.error.BasicErrorController.error(javax.servlet.http.HttpServletRequest)
19-08-2018 19:48:51.165 [restartedMain] INFO  o.s.w.s.m.m.a.RequestMappingHandlerMapping.register - Mapped "{[/error],produces=[text/html]}" onto public org.springframework.web.servlet.ModelAndView org.springframework.boot.autoconfigure.web.servlet.error.BasicErrorController.errorHtml(javax.servlet.http.HttpServletRequest,javax.servlet.http.HttpServletResponse)
19-08-2018 19:48:51.213 [restartedMain] INFO  o.s.w.s.h.SimpleUrlHandlerMapping.registerHandler - Mapped URL path [/webjars/**] onto handler of type [class org.springframework.web.servlet.resource.ResourceHttpRequestHandler]
19-08-2018 19:48:51.217 [restartedMain] INFO  o.s.w.s.h.SimpleUrlHandlerMapping.registerHandler - Mapped URL path [/**] onto handler of type [class org.springframework.web.servlet.resource.ResourceHttpRequestHandler]
19-08-2018 19:48:51.234 [restartedMain] INFO  o.s.w.s.m.m.a.ExceptionHandlerExceptionResolver.initExceptionHandlerAdviceCache - Detected @ExceptionHandler methods in repositoryRestExceptionHandler
19-08-2018 19:48:51.325 [restartedMain] INFO  o.s.b.a.w.s.WelcomePageHandlerMapping.<init> - Adding welcome page template: index
19-08-2018 19:48:51.409 [restartedMain] INFO  o.s.d.r.w.RepositoryRestHandlerAdapter.initControllerAdviceCache - Looking for @ControllerAdvice: org.springframework.boot.web.servlet.context.AnnotationConfigServletWebServerApplicationContext@3dc488e8: startup date [Sun Aug 19 19:48:49 PDT 2018]; root of context hierarchy
19-08-2018 19:48:51.424 [restartedMain] INFO  o.s.d.r.w.RepositoryRestHandlerMapping.register - Mapped "{[/{repository}/search],methods=[OPTIONS],produces=[application/hal+json || application/json]}" onto public org.springframework.http.HttpEntity<?> org.springframework.data.rest.webmvc.RepositorySearchController.optionsForSearches(org.springframework.data.rest.webmvc.RootResourceInformation)
19-08-2018 19:48:51.425 [restartedMain] INFO  o.s.d.r.w.RepositoryRestHandlerMapping.register - Mapped "{[/{repository}/search],methods=[HEAD],produces=[application/hal+json || application/json]}" onto public org.springframework.http.HttpEntity<?> org.springframework.data.rest.webmvc.RepositorySearchController.headForSearches(org.springframework.data.rest.webmvc.RootResourceInformation)
19-08-2018 19:48:51.426 [restartedMain] INFO  o.s.d.r.w.RepositoryRestHandlerMapping.register - Mapped "{[/{repository}/search],methods=[GET],produces=[application/hal+json || application/json]}" onto public org.springframework.data.rest.webmvc.RepositorySearchesResource org.springframework.data.rest.webmvc.RepositorySearchController.listSearches(org.springframework.data.rest.webmvc.RootResourceInformation)
19-08-2018 19:48:51.427 [restartedMain] INFO  o.s.d.r.w.RepositoryRestHandlerMapping.register - Mapped "{[/{repository}/search/{search}],methods=[GET],produces=[application/hal+json || application/json]}" onto public org.springframework.http.ResponseEntity<?> org.springframework.data.rest.webmvc.RepositorySearchController.executeSearch(org.springframework.data.rest.webmvc.RootResourceInformation,org.springframework.util.MultiValueMap<java.lang.String, java.lang.Object>,java.lang.String,org.springframework.data.rest.webmvc.support.DefaultedPageable,org.springframework.data.domain.Sort,org.springframework.data.rest.webmvc.PersistentEntityResourceAssembler,org.springframework.http.HttpHeaders)
19-08-2018 19:48:51.428 [restartedMain] INFO  o.s.d.r.w.RepositoryRestHandlerMapping.register - Mapped "{[/{repository}/search/{search}],methods=[GET],produces=[application/x-spring-data-compact+json]}" onto public org.springframework.hateoas.ResourceSupport org.springframework.data.rest.webmvc.RepositorySearchController.executeSearchCompact(org.springframework.data.rest.webmvc.RootResourceInformation,org.springframework.http.HttpHeaders,org.springframework.util.MultiValueMap<java.lang.String, java.lang.Object>,java.lang.String,java.lang.String,org.springframework.data.rest.webmvc.support.DefaultedPageable,org.springframework.data.domain.Sort,org.springframework.data.rest.webmvc.PersistentEntityResourceAssembler)
19-08-2018 19:48:51.429 [restartedMain] INFO  o.s.d.r.w.RepositoryRestHandlerMapping.register - Mapped "{[/{repository}/search/{search}],methods=[OPTIONS],produces=[application/hal+json || application/json]}" onto public org.springframework.http.ResponseEntity<java.lang.Object> org.springframework.data.rest.webmvc.RepositorySearchController.optionsForSearch(org.springframework.data.rest.webmvc.RootResourceInformation,java.lang.String)
19-08-2018 19:48:51.430 [restartedMain] INFO  o.s.d.r.w.RepositoryRestHandlerMapping.register - Mapped "{[/{repository}/search/{search}],methods=[HEAD],produces=[application/hal+json || application/json]}" onto public org.springframework.http.ResponseEntity<java.lang.Object> org.springframework.data.rest.webmvc.RepositorySearchController.headForSearch(org.springframework.data.rest.webmvc.RootResourceInformation,java.lang.String)
19-08-2018 19:48:51.432 [restartedMain] INFO  o.s.d.r.w.RepositoryRestHandlerMapping.register - Mapped "{[/{repository}/{id}/{property}],methods=[GET],produces=[application/hal+json || application/json]}" onto public org.springframework.http.ResponseEntity<org.springframework.hateoas.ResourceSupport> org.springframework.data.rest.webmvc.RepositoryPropertyReferenceController.followPropertyReference(org.springframework.data.rest.webmvc.RootResourceInformation,java.io.Serializable,java.lang.String,org.springframework.data.rest.webmvc.PersistentEntityResourceAssembler) throws java.lang.Exception
19-08-2018 19:48:51.433 [restartedMain] INFO  o.s.d.r.w.RepositoryRestHandlerMapping.register - Mapped "{[/{repository}/{id}/{property}/{propertyId}],methods=[GET],produces=[application/hal+json || application/json]}" onto public org.springframework.http.ResponseEntity<org.springframework.hateoas.ResourceSupport> org.springframework.data.rest.webmvc.RepositoryPropertyReferenceController.followPropertyReference(org.springframework.data.rest.webmvc.RootResourceInformation,java.io.Serializable,java.lang.String,java.lang.String,org.springframework.data.rest.webmvc.PersistentEntityResourceAssembler) throws java.lang.Exception
19-08-2018 19:48:51.434 [restartedMain] INFO  o.s.d.r.w.RepositoryRestHandlerMapping.register - Mapped "{[/{repository}/{id}/{property}],methods=[DELETE],produces=[application/hal+json || application/json]}" onto public org.springframework.http.ResponseEntity<? extends org.springframework.hateoas.ResourceSupport> org.springframework.data.rest.webmvc.RepositoryPropertyReferenceController.deletePropertyReference(org.springframework.data.rest.webmvc.RootResourceInformation,java.io.Serializable,java.lang.String) throws java.lang.Exception
19-08-2018 19:48:51.435 [restartedMain] INFO  o.s.d.r.w.RepositoryRestHandlerMapping.register - Mapped "{[/{repository}/{id}/{property}],methods=[GET],produces=[application/x-spring-data-compact+json || text/uri-list]}" onto public org.springframework.http.ResponseEntity<org.springframework.hateoas.ResourceSupport> org.springframework.data.rest.webmvc.RepositoryPropertyReferenceController.followPropertyReferenceCompact(org.springframework.data.rest.webmvc.RootResourceInformation,java.io.Serializable,java.lang.String,org.springframework.data.rest.webmvc.PersistentEntityResourceAssembler) throws java.lang.Exception
19-08-2018 19:48:51.436 [restartedMain] INFO  o.s.d.r.w.RepositoryRestHandlerMapping.register - Mapped "{[/{repository}/{id}/{property}],methods=[PATCH || PUT || POST],consumes=[application/json || application/x-spring-data-compact+json || text/uri-list],produces=[application/hal+json || application/json]}" onto public org.springframework.http.ResponseEntity<? extends org.springframework.hateoas.ResourceSupport> org.springframework.data.rest.webmvc.RepositoryPropertyReferenceController.createPropertyReference(org.springframework.data.rest.webmvc.RootResourceInformation,org.springframework.http.HttpMethod,org.springframework.hateoas.Resources<java.lang.Object>,java.io.Serializable,java.lang.String) throws java.lang.Exception
19-08-2018 19:48:51.437 [restartedMain] INFO  o.s.d.r.w.RepositoryRestHandlerMapping.register - Mapped "{[/{repository}/{id}/{property}/{propertyId}],methods=[DELETE],produces=[application/hal+json || application/json]}" onto public org.springframework.http.ResponseEntity<org.springframework.hateoas.ResourceSupport> org.springframework.data.rest.webmvc.RepositoryPropertyReferenceController.deletePropertyReferenceId(org.springframework.data.rest.webmvc.RootResourceInformation,java.io.Serializable,java.lang.String,java.lang.String) throws java.lang.Exception
19-08-2018 19:48:51.440 [restartedMain] INFO  o.s.d.r.w.RepositoryRestHandlerMapping.register - Mapped "{[/{repository}],methods=[OPTIONS],produces=[application/hal+json || application/json]}" onto public org.springframework.http.ResponseEntity<?> org.springframework.data.rest.webmvc.RepositoryEntityController.optionsForCollectionResource(org.springframework.data.rest.webmvc.RootResourceInformation)
19-08-2018 19:48:51.441 [restartedMain] INFO  o.s.d.r.w.RepositoryRestHandlerMapping.register - Mapped "{[/{repository}],methods=[HEAD],produces=[application/hal+json || application/json]}" onto public org.springframework.http.ResponseEntity<?> org.springframework.data.rest.webmvc.RepositoryEntityController.headCollectionResource(org.springframework.data.rest.webmvc.RootResourceInformation,org.springframework.data.rest.webmvc.support.DefaultedPageable) throws org.springframework.web.HttpRequestMethodNotSupportedException
19-08-2018 19:48:51.442 [restartedMain] INFO  o.s.d.r.w.RepositoryRestHandlerMapping.register - Mapped "{[/{repository}],methods=[GET],produces=[application/hal+json || application/json]}" onto public org.springframework.hateoas.Resources<?> org.springframework.data.rest.webmvc.RepositoryEntityController.getCollectionResource(org.springframework.data.rest.webmvc.RootResourceInformation,org.springframework.data.rest.webmvc.support.DefaultedPageable,org.springframework.data.domain.Sort,org.springframework.data.rest.webmvc.PersistentEntityResourceAssembler) throws org.springframework.data.rest.webmvc.ResourceNotFoundException,org.springframework.web.HttpRequestMethodNotSupportedException
19-08-2018 19:48:51.443 [restartedMain] INFO  o.s.d.r.w.RepositoryRestHandlerMapping.register - Mapped "{[/{repository}],methods=[GET],produces=[application/x-spring-data-compact+json || text/uri-list]}" onto public org.springframework.hateoas.Resources<?> org.springframework.data.rest.webmvc.RepositoryEntityController.getCollectionResourceCompact(org.springframework.data.rest.webmvc.RootResourceInformation,org.springframework.data.rest.webmvc.support.DefaultedPageable,org.springframework.data.domain.Sort,org.springframework.data.rest.webmvc.PersistentEntityResourceAssembler) throws org.springframework.data.rest.webmvc.ResourceNotFoundException,org.springframework.web.HttpRequestMethodNotSupportedException
19-08-2018 19:48:51.444 [restartedMain] INFO  o.s.d.r.w.RepositoryRestHandlerMapping.register - Mapped "{[/{repository}],methods=[POST],produces=[application/hal+json || application/json]}" onto public org.springframework.http.ResponseEntity<org.springframework.hateoas.ResourceSupport> org.springframework.data.rest.webmvc.RepositoryEntityController.postCollectionResource(org.springframework.data.rest.webmvc.RootResourceInformation,org.springframework.data.rest.webmvc.PersistentEntityResource,org.springframework.data.rest.webmvc.PersistentEntityResourceAssembler,java.lang.String) throws org.springframework.web.HttpRequestMethodNotSupportedException
19-08-2018 19:48:51.446 [restartedMain] INFO  o.s.d.r.w.RepositoryRestHandlerMapping.register - Mapped "{[/{repository}/{id}],methods=[OPTIONS],produces=[application/hal+json || application/json]}" onto public org.springframework.http.ResponseEntity<?> org.springframework.data.rest.webmvc.RepositoryEntityController.optionsForItemResource(org.springframework.data.rest.webmvc.RootResourceInformation)
19-08-2018 19:48:51.446 [restartedMain] INFO  o.s.d.r.w.RepositoryRestHandlerMapping.register - Mapped "{[/{repository}/{id}],methods=[HEAD],produces=[application/hal+json || application/json]}" onto public org.springframework.http.ResponseEntity<?> org.springframework.data.rest.webmvc.RepositoryEntityController.headForItemResource(org.springframework.data.rest.webmvc.RootResourceInformation,java.io.Serializable,org.springframework.data.rest.webmvc.PersistentEntityResourceAssembler) throws org.springframework.web.HttpRequestMethodNotSupportedException
19-08-2018 19:48:51.447 [restartedMain] INFO  o.s.d.r.w.RepositoryRestHandlerMapping.register - Mapped "{[/{repository}/{id}],methods=[GET],produces=[application/hal+json || application/json]}" onto public org.springframework.http.ResponseEntity<org.springframework.hateoas.Resource<?>> org.springframework.data.rest.webmvc.RepositoryEntityController.getItemResource(org.springframework.data.rest.webmvc.RootResourceInformation,java.io.Serializable,org.springframework.data.rest.webmvc.PersistentEntityResourceAssembler,org.springframework.http.HttpHeaders) throws org.springframework.web.HttpRequestMethodNotSupportedException
19-08-2018 19:48:51.448 [restartedMain] INFO  o.s.d.r.w.RepositoryRestHandlerMapping.register - Mapped "{[/{repository}/{id}],methods=[PUT],produces=[application/hal+json || application/json]}" onto public org.springframework.http.ResponseEntity<? extends org.springframework.hateoas.ResourceSupport> org.springframework.data.rest.webmvc.RepositoryEntityController.putItemResource(org.springframework.data.rest.webmvc.RootResourceInformation,org.springframework.data.rest.webmvc.PersistentEntityResource,java.io.Serializable,org.springframework.data.rest.webmvc.PersistentEntityResourceAssembler,org.springframework.data.rest.webmvc.support.ETag,java.lang.String) throws org.springframework.web.HttpRequestMethodNotSupportedException
19-08-2018 19:48:51.449 [restartedMain] INFO  o.s.d.r.w.RepositoryRestHandlerMapping.register - Mapped "{[/{repository}/{id}],methods=[PATCH],produces=[application/hal+json || application/json]}" onto public org.springframework.http.ResponseEntity<org.springframework.hateoas.ResourceSupport> org.springframework.data.rest.webmvc.RepositoryEntityController.patchItemResource(org.springframework.data.rest.webmvc.RootResourceInformation,org.springframework.data.rest.webmvc.PersistentEntityResource,java.io.Serializable,org.springframework.data.rest.webmvc.PersistentEntityResourceAssembler,org.springframework.data.rest.webmvc.support.ETag,java.lang.String) throws org.springframework.web.HttpRequestMethodNotSupportedException,org.springframework.data.rest.webmvc.ResourceNotFoundException
19-08-2018 19:48:51.450 [restartedMain] INFO  o.s.d.r.w.RepositoryRestHandlerMapping.register - Mapped "{[/{repository}/{id}],methods=[DELETE],produces=[application/hal+json || application/json]}" onto public org.springframework.http.ResponseEntity<?> org.springframework.data.rest.webmvc.RepositoryEntityController.deleteItemResource(org.springframework.data.rest.webmvc.RootResourceInformation,java.io.Serializable,org.springframework.data.rest.webmvc.support.ETag) throws org.springframework.data.rest.webmvc.ResourceNotFoundException,org.springframework.web.HttpRequestMethodNotSupportedException
19-08-2018 19:48:51.452 [restartedMain] INFO  o.s.d.r.w.RepositoryRestHandlerMapping.register - Mapped "{[/ || ],methods=[HEAD],produces=[application/hal+json || application/json]}" onto public org.springframework.http.ResponseEntity<?> org.springframework.data.rest.webmvc.RepositoryController.headForRepositories()
19-08-2018 19:48:51.453 [restartedMain] INFO  o.s.d.r.w.RepositoryRestHandlerMapping.register - Mapped "{[/ || ],methods=[OPTIONS],produces=[application/hal+json || application/json]}" onto public org.springframework.http.HttpEntity<?> org.springframework.data.rest.webmvc.RepositoryController.optionsForRepositories()
19-08-2018 19:48:51.453 [restartedMain] INFO  o.s.d.r.w.RepositoryRestHandlerMapping.register - Mapped "{[/ || ],methods=[GET],produces=[application/hal+json || application/json]}" onto public org.springframework.http.HttpEntity<org.springframework.data.rest.webmvc.RepositoryLinksResource> org.springframework.data.rest.webmvc.RepositoryController.listRepositories()
19-08-2018 19:48:51.459 [restartedMain] INFO  o.s.d.r.w.BasePathAwareHandlerMapping.register - Mapped "{[/profile/{repository}],methods=[GET],produces=[application/schema+json]}" onto public org.springframework.http.HttpEntity<org.springframework.data.rest.webmvc.json.JsonSchema> org.springframework.data.rest.webmvc.RepositorySchemaController.schema(org.springframework.data.rest.webmvc.RootResourceInformation)
19-08-2018 19:48:51.461 [restartedMain] INFO  o.s.d.r.w.BasePathAwareHandlerMapping.register - Mapped "{[/profile],methods=[OPTIONS]}" onto public org.springframework.http.HttpEntity<?> org.springframework.data.rest.webmvc.ProfileController.profileOptions()
19-08-2018 19:48:51.462 [restartedMain] INFO  o.s.d.r.w.BasePathAwareHandlerMapping.register - Mapped "{[/profile],methods=[GET]}" onto org.springframework.http.HttpEntity<org.springframework.hateoas.ResourceSupport> org.springframework.data.rest.webmvc.ProfileController.listAllFormsOfMetadata()
19-08-2018 19:48:51.462 [restartedMain] INFO  o.s.d.r.w.BasePathAwareHandlerMapping.register - Mapped "{[/profile/{repository}],methods=[GET],produces=[application/alps+json || */*]}" onto org.springframework.http.HttpEntity<org.springframework.data.rest.webmvc.RootResourceInformation> org.springframework.data.rest.webmvc.alps.AlpsController.descriptor(org.springframework.data.rest.webmvc.RootResourceInformation)
19-08-2018 19:48:51.463 [restartedMain] INFO  o.s.d.r.w.BasePathAwareHandlerMapping.register - Mapped "{[/profile/{repository}],methods=[OPTIONS],produces=[application/alps+json]}" onto org.springframework.http.HttpEntity<?> org.springframework.data.rest.webmvc.alps.AlpsController.alpsOptions()
19-08-2018 19:48:51.512 [restartedMain] INFO  o.s.s.c.ThreadPoolTaskScheduler.initialize - Initializing ExecutorService  'taskScheduler'
19-08-2018 19:48:51.593 [restartedMain] INFO  o.s.b.a.s.s.UserDetailsServiceAutoConfiguration.getOrDeducePassword - 

Using generated security password: 4eb4d9a7-2f80-4601-9763-806912477db9

19-08-2018 19:48:51.627 [restartedMain] INFO  o.s.s.web.DefaultSecurityFilterChain.<init> - Creating filter chain: org.springframework.security.web.util.matcher.AnyRequestMatcher@1, [org.springframework.security.web.context.request.async.WebAsyncManagerIntegrationFilter@48f0e351, org.springframework.security.web.context.SecurityContextPersistenceFilter@2c11101, org.springframework.security.web.header.HeaderWriterFilter@74311f2e, org.springframework.security.web.authentication.logout.LogoutFilter@7b47184b, org.springframework.security.web.savedrequest.RequestCacheAwareFilter@5ff1171a, org.springframework.security.web.servletapi.SecurityContextHolderAwareRequestFilter@2345aba5, org.springframework.security.web.authentication.AnonymousAuthenticationFilter@277772c, org.springframework.security.web.session.SessionManagementFilter@75f5a5fb, org.springframework.security.web.access.ExceptionTranslationFilter@78b4bb38, org.springframework.security.web.access.intercept.FilterSecurityInterceptor@38a4b7f4]
19-08-2018 19:48:51.661 [restartedMain] INFO  o.s.b.d.a.OptionalLiveReloadServer.startServer - LiveReload server is running on port 35729
19-08-2018 19:48:51.724 [restartedMain] INFO  o.s.j.e.a.AnnotationMBeanExporter.afterSingletonsInstantiated - Registering beans for JMX exposure on startup
19-08-2018 19:48:51.725 [restartedMain] INFO  o.s.j.e.a.AnnotationMBeanExporter.autodetect - Bean with name 'dataSource' has been autodetected for JMX exposure
19-08-2018 19:48:51.732 [restartedMain] INFO  o.s.j.e.a.AnnotationMBeanExporter.registerBeanInstance - Located MBean 'dataSource': registering with JMX server as MBean [com.zaxxer.hikari:name=dataSource,type=HikariDataSource]
19-08-2018 19:48:51.743 [restartedMain] INFO  o.s.c.s.DefaultLifecycleProcessor.start - Starting beans in phase 0
19-08-2018 19:48:51.743 [restartedMain] INFO  o.s.i.endpoint.EventDrivenConsumer.logComponentSubscriptionEvent - Adding {logging-channel-adapter:_org.springframework.integration.errorLogger} as a subscriber to the 'errorChannel' channel
19-08-2018 19:48:51.743 [restartedMain] INFO  o.s.i.c.PublishSubscribeChannel.adjustCounterIfNecessary - Channel 'application.errorChannel' has 1 subscriber(s).
19-08-2018 19:48:51.744 [restartedMain] INFO  o.s.i.endpoint.EventDrivenConsumer.start - started _org.springframework.integration.errorLogger
19-08-2018 19:48:51.756 [restartedMain] INFO  o.s.b.w.e.tomcat.TomcatWebServer.start - Tomcat started on port(s): 8080 (http) with context path ''
19-08-2018 19:48:51.759 [restartedMain] INFO  com.demo.ClusterDemoFinalApplication.logStarted - Started ClusterDemoFinalApplication in 3.032 seconds (JVM running for 347.556)
19-08-2018 19:48:51.771 [restartedMain] INFO  o.s.b.d.a.ConditionEvaluationDeltaLoggingListener.onApplicationEvent - Condition evaluation unchanged
19-08-2018 19:50:20.980 [Thread-23] INFO  o.s.b.w.s.c.AnnotationConfigServletWebServerApplicationContext.doClose - Closing org.springframework.boot.web.servlet.context.AnnotationConfigServletWebServerApplicationContext@3dc488e8: startup date [Sun Aug 19 19:48:49 PDT 2018]; root of context hierarchy
19-08-2018 19:50:21.005 [Thread-23] INFO  o.s.c.s.DefaultLifecycleProcessor.stop - Stopping beans in phase 0
19-08-2018 19:50:21.006 [Thread-23] INFO  o.s.i.endpoint.EventDrivenConsumer.logComponentSubscriptionEvent - Removing {logging-channel-adapter:_org.springframework.integration.errorLogger} as a subscriber to the 'errorChannel' channel
19-08-2018 19:50:21.007 [Thread-23] INFO  o.s.i.c.PublishSubscribeChannel.adjustCounterIfNecessary - Channel 'application.errorChannel' has 0 subscriber(s).
19-08-2018 19:50:21.008 [Thread-23] INFO  o.s.i.endpoint.EventDrivenConsumer.stop - stopped _org.springframework.integration.errorLogger
19-08-2018 19:50:21.011 [Thread-23] INFO  o.s.s.c.ThreadPoolTaskScheduler.shutdown - Shutting down ExecutorService 'taskScheduler'
19-08-2018 19:50:21.013 [Thread-23] INFO  o.s.j.e.a.AnnotationMBeanExporter.destroy - Unregistering JMX-exposed beans on shutdown
19-08-2018 19:50:21.013 [Thread-23] INFO  o.s.j.e.a.AnnotationMBeanExporter.unregisterBeans - Unregistering JMX-exposed beans
19-08-2018 19:50:21.016 [Thread-23] INFO  o.s.o.j.LocalContainerEntityManagerFactoryBean.destroy - Closing JPA EntityManagerFactory for persistence unit 'default'
19-08-2018 19:50:21.018 [Thread-23] INFO  o.h.t.s.i.SchemaDropperImpl$DelayedDropActionImpl.perform - HHH000477: Starting delayed drop of schema as part of SessionFactory shut-down'
19-08-2018 19:50:21.035 [Thread-23] WARN  o.s.b.f.s.DisposableBeanAdapter.destroy - Invocation of destroy method failed on bean with name 'inMemoryDatabaseShutdownExecutor': org.h2.jdbc.JdbcSQLException: Database is already closed (to disable automatic closing at VM shutdown, add ";DB_CLOSE_ON_EXIT=FALSE" to the db URL) [90121-197]
19-08-2018 19:50:21.035 [Thread-23] INFO  com.zaxxer.hikari.HikariDataSource.close - HikariPool-3 - Shutdown initiated...
19-08-2018 19:50:21.045 [Thread-23] INFO  com.zaxxer.hikari.HikariDataSource.close - HikariPool-3 - Shutdown completed.
19-08-2018 19:50:21.783 [restartedMain] INFO  com.demo.ClusterDemoFinalApplication.logStarting - Starting ClusterDemoFinalApplication on Sonalis-MacBook-Pro.local with PID 25384 (/Users/sonalisahu/Documents/workspace-sts-3.8.2.RELEASE/ClusterDemoFinal/target/classes started by sonalisahu in /Users/sonalisahu/Documents/workspace-sts-3.8.2.RELEASE/ClusterDemoFinal)
19-08-2018 19:50:21.785 [restartedMain] INFO  com.demo.ClusterDemoFinalApplication.logStartupProfileInfo - The following profiles are active: h2
19-08-2018 19:50:21.791 [restartedMain] INFO  o.s.b.w.s.c.AnnotationConfigServletWebServerApplicationContext.prepareRefresh - Refreshing org.springframework.boot.web.servlet.context.AnnotationConfigServletWebServerApplicationContext@73787a74: startup date [Sun Aug 19 19:50:21 PDT 2018]; root of context hierarchy
19-08-2018 19:50:22.595 [restartedMain] INFO  o.s.b.f.s.DefaultListableBeanFactory.registerBeanDefinition - Overriding bean definition for bean 'httpRequestHandlerAdapter' with a different definition: replacing [Root bean: class [null]; scope=; abstract=false; lazyInit=false; autowireMode=3; dependencyCheck=0; autowireCandidate=true; primary=false; factoryBeanName=org.springframework.boot.autoconfigure.web.servlet.WebMvcAutoConfiguration$EnableWebMvcConfiguration; factoryMethodName=httpRequestHandlerAdapter; initMethodName=null; destroyMethodName=(inferred); defined in class path resource [org/springframework/boot/autoconfigure/web/servlet/WebMvcAutoConfiguration$EnableWebMvcConfiguration.class]] with [Root bean: class [null]; scope=; abstract=false; lazyInit=false; autowireMode=3; dependencyCheck=0; autowireCandidate=true; primary=false; factoryBeanName=org.springframework.data.rest.webmvc.config.RepositoryRestMvcConfiguration; factoryMethodName=httpRequestHandlerAdapter; initMethodName=null; destroyMethodName=(inferred); defined in class path resource [org/springframework/data/rest/webmvc/config/RepositoryRestMvcConfiguration.class]]
19-08-2018 19:50:22.621 [restartedMain] INFO  o.s.i.config.IntegrationRegistrar.registerHeaderChannelRegistry - No bean named 'integrationHeaderChannelRegistry' has been explicitly defined. Therefore, a default DefaultHeaderChannelRegistry will be created.
19-08-2018 19:50:22.709 [restartedMain] INFO  o.s.i.c.DefaultConfiguringBeanFactoryPostProcessor.registerErrorChannel - No bean named 'errorChannel' has been explicitly defined. Therefore, a default PublishSubscribeChannel will be created.
19-08-2018 19:50:22.710 [restartedMain] INFO  o.s.i.c.DefaultConfiguringBeanFactoryPostProcessor.registerTaskScheduler - No bean named 'taskScheduler' has been explicitly defined. Therefore, a default ThreadPoolTaskScheduler will be created.
19-08-2018 19:50:22.762 [restartedMain] INFO  o.s.c.s.PostProcessorRegistrationDelegate$BeanPostProcessorChecker.postProcessAfterInitialization - Bean 'org.springframework.transaction.annotation.ProxyTransactionManagementConfiguration' of type [org.springframework.transaction.annotation.ProxyTransactionManagementConfiguration$$EnhancerBySpringCGLIB$$401c6eeb] is not eligible for getting processed by all BeanPostProcessors (for example: not eligible for auto-proxying)
19-08-2018 19:50:22.775 [restartedMain] INFO  o.s.c.s.PostProcessorRegistrationDelegate$BeanPostProcessorChecker.postProcessAfterInitialization - Bean 'org.springframework.integration.config.IntegrationManagementConfiguration' of type [org.springframework.integration.config.IntegrationManagementConfiguration$$EnhancerBySpringCGLIB$$ab0e2a1a] is not eligible for getting processed by all BeanPostProcessors (for example: not eligible for auto-proxying)
19-08-2018 19:50:22.783 [restartedMain] INFO  o.s.c.s.PostProcessorRegistrationDelegate$BeanPostProcessorChecker.postProcessAfterInitialization - Bean 'org.springframework.integration.dsl.context.IntegrationFlowContext' of type [org.springframework.integration.dsl.context.IntegrationFlowContext] is not eligible for getting processed by all BeanPostProcessors (for example: not eligible for auto-proxying)
19-08-2018 19:50:22.998 [restartedMain] INFO  o.s.b.w.e.tomcat.TomcatWebServer.initialize - Tomcat initialized with port(s): 8080 (http)
19-08-2018 19:50:23.000 [restartedMain] INFO  o.a.catalina.core.StandardService.log - Starting service [Tomcat]
19-08-2018 19:50:23.001 [restartedMain] INFO  o.a.catalina.core.StandardEngine.log - Starting Servlet Engine: Apache Tomcat/8.5.31
19-08-2018 19:50:23.014 [localhost-startStop-1] INFO  o.a.c.c.C.[Tomcat].[localhost].[/].log - Initializing Spring embedded WebApplicationContext
19-08-2018 19:50:23.015 [localhost-startStop-1] INFO  o.s.web.context.ContextLoader.prepareWebApplicationContext - Root WebApplicationContext: initialization completed in 1224 ms
19-08-2018 19:50:23.088 [localhost-startStop-1] INFO  o.s.b.w.s.FilterRegistrationBean.configure - Mapping filter: 'characterEncodingFilter' to: [/*]
19-08-2018 19:50:23.088 [localhost-startStop-1] INFO  o.s.b.w.s.FilterRegistrationBean.configure - Mapping filter: 'hiddenHttpMethodFilter' to: [/*]
19-08-2018 19:50:23.089 [localhost-startStop-1] INFO  o.s.b.w.s.FilterRegistrationBean.configure - Mapping filter: 'httpPutFormContentFilter' to: [/*]
19-08-2018 19:50:23.089 [localhost-startStop-1] INFO  o.s.b.w.s.FilterRegistrationBean.configure - Mapping filter: 'requestContextFilter' to: [/*]
19-08-2018 19:50:23.089 [localhost-startStop-1] INFO  o.s.b.w.s.DelegatingFilterProxyRegistrationBean.configure - Mapping filter: 'springSecurityFilterChain' to: [/*]
19-08-2018 19:50:23.089 [localhost-startStop-1] INFO  o.s.b.w.s.ServletRegistrationBean.addRegistration - Servlet dispatcherServlet mapped to [/]
19-08-2018 19:50:23.091 [localhost-startStop-1] INFO  o.s.b.w.s.ServletRegistrationBean.addRegistration - Servlet webServlet mapped to [/h2-console/*]
19-08-2018 19:50:23.140 [restartedMain] INFO  com.zaxxer.hikari.HikariDataSource.getConnection - HikariPool-4 - Starting...
19-08-2018 19:50:23.143 [restartedMain] INFO  com.zaxxer.hikari.HikariDataSource.getConnection - HikariPool-4 - Start completed.
19-08-2018 19:50:23.144 [restartedMain] INFO  o.s.jdbc.datasource.init.ScriptUtils.executeSqlScript - Executing SQL script from URL [file:/Users/sonalisahu/Documents/workspace-sts-3.8.2.RELEASE/ClusterDemoFinal/target/classes/schema-h2.sql]
19-08-2018 19:50:23.149 [restartedMain] INFO  o.s.jdbc.datasource.init.ScriptUtils.executeSqlScript - Executed SQL script from URL [file:/Users/sonalisahu/Documents/workspace-sts-3.8.2.RELEASE/ClusterDemoFinal/target/classes/schema-h2.sql] in 5 ms.
19-08-2018 19:50:23.211 [restartedMain] INFO  o.s.o.j.LocalContainerEntityManagerFactoryBean.createNativeEntityManagerFactory - Building JPA container EntityManagerFactory for persistence unit 'default'
19-08-2018 19:50:23.211 [restartedMain] INFO  o.h.jpa.internal.util.LogHelper.logPersistenceUnitInformation - HHH000204: Processing PersistenceUnitInfo [
	name: default
	...]
19-08-2018 19:50:23.231 [restartedMain] INFO  org.hibernate.dialect.Dialect.<init> - HHH000400: Using dialect: org.hibernate.dialect.H2Dialect
19-08-2018 19:50:23.290 [restartedMain] INFO  o.h.t.s.internal.SchemaCreatorImpl.applyImportSources - HHH000476: Executing import script 'org.hibernate.tool.schema.internal.exec.ScriptSourceInputNonExistentImpl@5d6fe96'
19-08-2018 19:50:23.290 [restartedMain] INFO  o.s.o.j.LocalContainerEntityManagerFactoryBean.buildNativeEntityManagerFactory - Initialized JPA EntityManagerFactory for persistence unit 'default'
19-08-2018 19:50:23.693 [restartedMain] INFO  o.s.w.s.h.SimpleUrlHandlerMapping.registerHandler - Mapped URL path [/**/favicon.ico] onto handler of type [class org.springframework.web.servlet.resource.ResourceHttpRequestHandler]
19-08-2018 19:50:23.777 [restartedMain] INFO  o.s.w.s.m.m.a.RequestMappingHandlerAdapter.initControllerAdviceCache - Looking for @ControllerAdvice: org.springframework.boot.web.servlet.context.AnnotationConfigServletWebServerApplicationContext@73787a74: startup date [Sun Aug 19 19:50:21 PDT 2018]; root of context hierarchy
19-08-2018 19:50:23.788 [restartedMain] WARN  o.s.b.a.o.j.JpaBaseConfiguration$JpaWebConfiguration$JpaWebMvcConfiguration.openEntityManagerInViewInterceptor - spring.jpa.open-in-view is enabled by default. Therefore, database queries may be performed during view rendering. Explicitly configure spring.jpa.open-in-view to disable this warning
19-08-2018 19:50:23.795 [restartedMain] INFO  o.s.w.s.m.m.a.RequestMappingHandlerMapping.register - Mapped "{[/]}" onto java.lang.String com.demo.controller.IndexController.index()
19-08-2018 19:50:23.798 [restartedMain] INFO  o.s.w.s.m.m.a.RequestMappingHandlerMapping.register - Mapped "{[/error]}" onto public org.springframework.http.ResponseEntity<java.util.Map<java.lang.String, java.lang.Object>> org.springframework.boot.autoconfigure.web.servlet.error.BasicErrorController.error(javax.servlet.http.HttpServletRequest)
19-08-2018 19:50:23.798 [restartedMain] INFO  o.s.w.s.m.m.a.RequestMappingHandlerMapping.register - Mapped "{[/error],produces=[text/html]}" onto public org.springframework.web.servlet.ModelAndView org.springframework.boot.autoconfigure.web.servlet.error.BasicErrorController.errorHtml(javax.servlet.http.HttpServletRequest,javax.servlet.http.HttpServletResponse)
19-08-2018 19:50:23.821 [restartedMain] INFO  o.s.w.s.h.SimpleUrlHandlerMapping.registerHandler - Mapped URL path [/webjars/**] onto handler of type [class org.springframework.web.servlet.resource.ResourceHttpRequestHandler]
19-08-2018 19:50:23.821 [restartedMain] INFO  o.s.w.s.h.SimpleUrlHandlerMapping.registerHandler - Mapped URL path [/**] onto handler of type [class org.springframework.web.servlet.resource.ResourceHttpRequestHandler]
19-08-2018 19:50:23.835 [restartedMain] INFO  o.s.w.s.m.m.a.ExceptionHandlerExceptionResolver.initExceptionHandlerAdviceCache - Detected @ExceptionHandler methods in repositoryRestExceptionHandler
19-08-2018 19:50:23.902 [restartedMain] INFO  o.s.b.a.w.s.WelcomePageHandlerMapping.<init> - Adding welcome page template: index
19-08-2018 19:50:23.951 [restartedMain] INFO  o.s.d.r.w.RepositoryRestHandlerAdapter.initControllerAdviceCache - Looking for @ControllerAdvice: org.springframework.boot.web.servlet.context.AnnotationConfigServletWebServerApplicationContext@73787a74: startup date [Sun Aug 19 19:50:21 PDT 2018]; root of context hierarchy
19-08-2018 19:50:23.964 [restartedMain] INFO  o.s.d.r.w.RepositoryRestHandlerMapping.register - Mapped "{[/{repository}/search],methods=[OPTIONS],produces=[application/hal+json || application/json]}" onto public org.springframework.http.HttpEntity<?> org.springframework.data.rest.webmvc.RepositorySearchController.optionsForSearches(org.springframework.data.rest.webmvc.RootResourceInformation)
19-08-2018 19:50:23.964 [restartedMain] INFO  o.s.d.r.w.RepositoryRestHandlerMapping.register - Mapped "{[/{repository}/search],methods=[HEAD],produces=[application/hal+json || application/json]}" onto public org.springframework.http.HttpEntity<?> org.springframework.data.rest.webmvc.RepositorySearchController.headForSearches(org.springframework.data.rest.webmvc.RootResourceInformation)
19-08-2018 19:50:23.965 [restartedMain] INFO  o.s.d.r.w.RepositoryRestHandlerMapping.register - Mapped "{[/{repository}/search],methods=[GET],produces=[application/hal+json || application/json]}" onto public org.springframework.data.rest.webmvc.RepositorySearchesResource org.springframework.data.rest.webmvc.RepositorySearchController.listSearches(org.springframework.data.rest.webmvc.RootResourceInformation)
19-08-2018 19:50:23.966 [restartedMain] INFO  o.s.d.r.w.RepositoryRestHandlerMapping.register - Mapped "{[/{repository}/search/{search}],methods=[GET],produces=[application/hal+json || application/json]}" onto public org.springframework.http.ResponseEntity<?> org.springframework.data.rest.webmvc.RepositorySearchController.executeSearch(org.springframework.data.rest.webmvc.RootResourceInformation,org.springframework.util.MultiValueMap<java.lang.String, java.lang.Object>,java.lang.String,org.springframework.data.rest.webmvc.support.DefaultedPageable,org.springframework.data.domain.Sort,org.springframework.data.rest.webmvc.PersistentEntityResourceAssembler,org.springframework.http.HttpHeaders)
19-08-2018 19:50:23.967 [restartedMain] INFO  o.s.d.r.w.RepositoryRestHandlerMapping.register - Mapped "{[/{repository}/search/{search}],methods=[GET],produces=[application/x-spring-data-compact+json]}" onto public org.springframework.hateoas.ResourceSupport org.springframework.data.rest.webmvc.RepositorySearchController.executeSearchCompact(org.springframework.data.rest.webmvc.RootResourceInformation,org.springframework.http.HttpHeaders,org.springframework.util.MultiValueMap<java.lang.String, java.lang.Object>,java.lang.String,java.lang.String,org.springframework.data.rest.webmvc.support.DefaultedPageable,org.springframework.data.domain.Sort,org.springframework.data.rest.webmvc.PersistentEntityResourceAssembler)
19-08-2018 19:50:23.968 [restartedMain] INFO  o.s.d.r.w.RepositoryRestHandlerMapping.register - Mapped "{[/{repository}/search/{search}],methods=[OPTIONS],produces=[application/hal+json || application/json]}" onto public org.springframework.http.ResponseEntity<java.lang.Object> org.springframework.data.rest.webmvc.RepositorySearchController.optionsForSearch(org.springframework.data.rest.webmvc.RootResourceInformation,java.lang.String)
19-08-2018 19:50:23.970 [restartedMain] INFO  o.s.d.r.w.RepositoryRestHandlerMapping.register - Mapped "{[/{repository}/search/{search}],methods=[HEAD],produces=[application/hal+json || application/json]}" onto public org.springframework.http.ResponseEntity<java.lang.Object> org.springframework.data.rest.webmvc.RepositorySearchController.headForSearch(org.springframework.data.rest.webmvc.RootResourceInformation,java.lang.String)
19-08-2018 19:50:23.972 [restartedMain] INFO  o.s.d.r.w.RepositoryRestHandlerMapping.register - Mapped "{[/{repository}/{id}/{property}],methods=[GET],produces=[application/hal+json || application/json]}" onto public org.springframework.http.ResponseEntity<org.springframework.hateoas.ResourceSupport> org.springframework.data.rest.webmvc.RepositoryPropertyReferenceController.followPropertyReference(org.springframework.data.rest.webmvc.RootResourceInformation,java.io.Serializable,java.lang.String,org.springframework.data.rest.webmvc.PersistentEntityResourceAssembler) throws java.lang.Exception
19-08-2018 19:50:23.972 [restartedMain] INFO  o.s.d.r.w.RepositoryRestHandlerMapping.register - Mapped "{[/{repository}/{id}/{property}/{propertyId}],methods=[GET],produces=[application/hal+json || application/json]}" onto public org.springframework.http.ResponseEntity<org.springframework.hateoas.ResourceSupport> org.springframework.data.rest.webmvc.RepositoryPropertyReferenceController.followPropertyReference(org.springframework.data.rest.webmvc.RootResourceInformation,java.io.Serializable,java.lang.String,java.lang.String,org.springframework.data.rest.webmvc.PersistentEntityResourceAssembler) throws java.lang.Exception
19-08-2018 19:50:23.973 [restartedMain] INFO  o.s.d.r.w.RepositoryRestHandlerMapping.register - Mapped "{[/{repository}/{id}/{property}],methods=[DELETE],produces=[application/hal+json || application/json]}" onto public org.springframework.http.ResponseEntity<? extends org.springframework.hateoas.ResourceSupport> org.springframework.data.rest.webmvc.RepositoryPropertyReferenceController.deletePropertyReference(org.springframework.data.rest.webmvc.RootResourceInformation,java.io.Serializable,java.lang.String) throws java.lang.Exception
19-08-2018 19:50:23.974 [restartedMain] INFO  o.s.d.r.w.RepositoryRestHandlerMapping.register - Mapped "{[/{repository}/{id}/{property}],methods=[GET],produces=[application/x-spring-data-compact+json || text/uri-list]}" onto public org.springframework.http.ResponseEntity<org.springframework.hateoas.ResourceSupport> org.springframework.data.rest.webmvc.RepositoryPropertyReferenceController.followPropertyReferenceCompact(org.springframework.data.rest.webmvc.RootResourceInformation,java.io.Serializable,java.lang.String,org.springframework.data.rest.webmvc.PersistentEntityResourceAssembler) throws java.lang.Exception
19-08-2018 19:50:23.975 [restartedMain] INFO  o.s.d.r.w.RepositoryRestHandlerMapping.register - Mapped "{[/{repository}/{id}/{property}],methods=[PATCH || PUT || POST],consumes=[application/json || application/x-spring-data-compact+json || text/uri-list],produces=[application/hal+json || application/json]}" onto public org.springframework.http.ResponseEntity<? extends org.springframework.hateoas.ResourceSupport> org.springframework.data.rest.webmvc.RepositoryPropertyReferenceController.createPropertyReference(org.springframework.data.rest.webmvc.RootResourceInformation,org.springframework.http.HttpMethod,org.springframework.hateoas.Resources<java.lang.Object>,java.io.Serializable,java.lang.String) throws java.lang.Exception
19-08-2018 19:50:23.977 [restartedMain] INFO  o.s.d.r.w.RepositoryRestHandlerMapping.register - Mapped "{[/{repository}/{id}/{property}/{propertyId}],methods=[DELETE],produces=[application/hal+json || application/json]}" onto public org.springframework.http.ResponseEntity<org.springframework.hateoas.ResourceSupport> org.springframework.data.rest.webmvc.RepositoryPropertyReferenceController.deletePropertyReferenceId(org.springframework.data.rest.webmvc.RootResourceInformation,java.io.Serializable,java.lang.String,java.lang.String) throws java.lang.Exception
19-08-2018 19:50:23.982 [restartedMain] INFO  o.s.d.r.w.RepositoryRestHandlerMapping.register - Mapped "{[/{repository}],methods=[OPTIONS],produces=[application/hal+json || application/json]}" onto public org.springframework.http.ResponseEntity<?> org.springframework.data.rest.webmvc.RepositoryEntityController.optionsForCollectionResource(org.springframework.data.rest.webmvc.RootResourceInformation)
19-08-2018 19:50:23.983 [restartedMain] INFO  o.s.d.r.w.RepositoryRestHandlerMapping.register - Mapped "{[/{repository}],methods=[HEAD],produces=[application/hal+json || application/json]}" onto public org.springframework.http.ResponseEntity<?> org.springframework.data.rest.webmvc.RepositoryEntityController.headCollectionResource(org.springframework.data.rest.webmvc.RootResourceInformation,org.springframework.data.rest.webmvc.support.DefaultedPageable) throws org.springframework.web.HttpRequestMethodNotSupportedException
19-08-2018 19:50:23.984 [restartedMain] INFO  o.s.d.r.w.RepositoryRestHandlerMapping.register - Mapped "{[/{repository}],methods=[GET],produces=[application/hal+json || application/json]}" onto public org.springframework.hateoas.Resources<?> org.springframework.data.rest.webmvc.RepositoryEntityController.getCollectionResource(org.springframework.data.rest.webmvc.RootResourceInformation,org.springframework.data.rest.webmvc.support.DefaultedPageable,org.springframework.data.domain.Sort,org.springframework.data.rest.webmvc.PersistentEntityResourceAssembler) throws org.springframework.data.rest.webmvc.ResourceNotFoundException,org.springframework.web.HttpRequestMethodNotSupportedException
19-08-2018 19:50:23.985 [restartedMain] INFO  o.s.d.r.w.RepositoryRestHandlerMapping.register - Mapped "{[/{repository}],methods=[GET],produces=[application/x-spring-data-compact+json || text/uri-list]}" onto public org.springframework.hateoas.Resources<?> org.springframework.data.rest.webmvc.RepositoryEntityController.getCollectionResourceCompact(org.springframework.data.rest.webmvc.RootResourceInformation,org.springframework.data.rest.webmvc.support.DefaultedPageable,org.springframework.data.domain.Sort,org.springframework.data.rest.webmvc.PersistentEntityResourceAssembler) throws org.springframework.data.rest.webmvc.ResourceNotFoundException,org.springframework.web.HttpRequestMethodNotSupportedException
19-08-2018 19:50:23.986 [restartedMain] INFO  o.s.d.r.w.RepositoryRestHandlerMapping.register - Mapped "{[/{repository}],methods=[POST],produces=[application/hal+json || application/json]}" onto public org.springframework.http.ResponseEntity<org.springframework.hateoas.ResourceSupport> org.springframework.data.rest.webmvc.RepositoryEntityController.postCollectionResource(org.springframework.data.rest.webmvc.RootResourceInformation,org.springframework.data.rest.webmvc.PersistentEntityResource,org.springframework.data.rest.webmvc.PersistentEntityResourceAssembler,java.lang.String) throws org.springframework.web.HttpRequestMethodNotSupportedException
19-08-2018 19:50:23.987 [restartedMain] INFO  o.s.d.r.w.RepositoryRestHandlerMapping.register - Mapped "{[/{repository}/{id}],methods=[OPTIONS],produces=[application/hal+json || application/json]}" onto public org.springframework.http.ResponseEntity<?> org.springframework.data.rest.webmvc.RepositoryEntityController.optionsForItemResource(org.springframework.data.rest.webmvc.RootResourceInformation)
19-08-2018 19:50:23.988 [restartedMain] INFO  o.s.d.r.w.RepositoryRestHandlerMapping.register - Mapped "{[/{repository}/{id}],methods=[HEAD],produces=[application/hal+json || application/json]}" onto public org.springframework.http.ResponseEntity<?> org.springframework.data.rest.webmvc.RepositoryEntityController.headForItemResource(org.springframework.data.rest.webmvc.RootResourceInformation,java.io.Serializable,org.springframework.data.rest.webmvc.PersistentEntityResourceAssembler) throws org.springframework.web.HttpRequestMethodNotSupportedException
19-08-2018 19:50:23.989 [restartedMain] INFO  o.s.d.r.w.RepositoryRestHandlerMapping.register - Mapped "{[/{repository}/{id}],methods=[GET],produces=[application/hal+json || application/json]}" onto public org.springframework.http.ResponseEntity<org.springframework.hateoas.Resource<?>> org.springframework.data.rest.webmvc.RepositoryEntityController.getItemResource(org.springframework.data.rest.webmvc.RootResourceInformation,java.io.Serializable,org.springframework.data.rest.webmvc.PersistentEntityResourceAssembler,org.springframework.http.HttpHeaders) throws org.springframework.web.HttpRequestMethodNotSupportedException
19-08-2018 19:50:23.990 [restartedMain] INFO  o.s.d.r.w.RepositoryRestHandlerMapping.register - Mapped "{[/{repository}/{id}],methods=[PUT],produces=[application/hal+json || application/json]}" onto public org.springframework.http.ResponseEntity<? extends org.springframework.hateoas.ResourceSupport> org.springframework.data.rest.webmvc.RepositoryEntityController.putItemResource(org.springframework.data.rest.webmvc.RootResourceInformation,org.springframework.data.rest.webmvc.PersistentEntityResource,java.io.Serializable,org.springframework.data.rest.webmvc.PersistentEntityResourceAssembler,org.springframework.data.rest.webmvc.support.ETag,java.lang.String) throws org.springframework.web.HttpRequestMethodNotSupportedException
19-08-2018 19:50:23.991 [restartedMain] INFO  o.s.d.r.w.RepositoryRestHandlerMapping.register - Mapped "{[/{repository}/{id}],methods=[PATCH],produces=[application/hal+json || application/json]}" onto public org.springframework.http.ResponseEntity<org.springframework.hateoas.ResourceSupport> org.springframework.data.rest.webmvc.RepositoryEntityController.patchItemResource(org.springframework.data.rest.webmvc.RootResourceInformation,org.springframework.data.rest.webmvc.PersistentEntityResource,java.io.Serializable,org.springframework.data.rest.webmvc.PersistentEntityResourceAssembler,org.springframework.data.rest.webmvc.support.ETag,java.lang.String) throws org.springframework.web.HttpRequestMethodNotSupportedException,org.springframework.data.rest.webmvc.ResourceNotFoundException
19-08-2018 19:50:23.991 [restartedMain] INFO  o.s.d.r.w.RepositoryRestHandlerMapping.register - Mapped "{[/{repository}/{id}],methods=[DELETE],produces=[application/hal+json || application/json]}" onto public org.springframework.http.ResponseEntity<?> org.springframework.data.rest.webmvc.RepositoryEntityController.deleteItemResource(org.springframework.data.rest.webmvc.RootResourceInformation,java.io.Serializable,org.springframework.data.rest.webmvc.support.ETag) throws org.springframework.data.rest.webmvc.ResourceNotFoundException,org.springframework.web.HttpRequestMethodNotSupportedException
19-08-2018 19:50:23.992 [restartedMain] INFO  o.s.d.r.w.RepositoryRestHandlerMapping.register - Mapped "{[/ || ],methods=[HEAD],produces=[application/hal+json || application/json]}" onto public org.springframework.http.ResponseEntity<?> org.springframework.data.rest.webmvc.RepositoryController.headForRepositories()
19-08-2018 19:50:23.997 [restartedMain] INFO  o.s.d.r.w.RepositoryRestHandlerMapping.register - Mapped "{[/ || ],methods=[OPTIONS],produces=[application/hal+json || application/json]}" onto public org.springframework.http.HttpEntity<?> org.springframework.data.rest.webmvc.RepositoryController.optionsForRepositories()
19-08-2018 19:50:23.998 [restartedMain] INFO  o.s.d.r.w.RepositoryRestHandlerMapping.register - Mapped "{[/ || ],methods=[GET],produces=[application/hal+json || application/json]}" onto public org.springframework.http.HttpEntity<org.springframework.data.rest.webmvc.RepositoryLinksResource> org.springframework.data.rest.webmvc.RepositoryController.listRepositories()
19-08-2018 19:50:24.009 [restartedMain] INFO  o.s.d.r.w.BasePathAwareHandlerMapping.register - Mapped "{[/profile/{repository}],methods=[GET],produces=[application/schema+json]}" onto public org.springframework.http.HttpEntity<org.springframework.data.rest.webmvc.json.JsonSchema> org.springframework.data.rest.webmvc.RepositorySchemaController.schema(org.springframework.data.rest.webmvc.RootResourceInformation)
19-08-2018 19:50:24.010 [restartedMain] INFO  o.s.d.r.w.BasePathAwareHandlerMapping.register - Mapped "{[/profile],methods=[OPTIONS]}" onto public org.springframework.http.HttpEntity<?> org.springframework.data.rest.webmvc.ProfileController.profileOptions()
19-08-2018 19:50:24.011 [restartedMain] INFO  o.s.d.r.w.BasePathAwareHandlerMapping.register - Mapped "{[/profile],methods=[GET]}" onto org.springframework.http.HttpEntity<org.springframework.hateoas.ResourceSupport> org.springframework.data.rest.webmvc.ProfileController.listAllFormsOfMetadata()
19-08-2018 19:50:24.012 [restartedMain] INFO  o.s.d.r.w.BasePathAwareHandlerMapping.register - Mapped "{[/profile/{repository}],methods=[GET],produces=[application/alps+json || */*]}" onto org.springframework.http.HttpEntity<org.springframework.data.rest.webmvc.RootResourceInformation> org.springframework.data.rest.webmvc.alps.AlpsController.descriptor(org.springframework.data.rest.webmvc.RootResourceInformation)
19-08-2018 19:50:24.013 [restartedMain] INFO  o.s.d.r.w.BasePathAwareHandlerMapping.register - Mapped "{[/profile/{repository}],methods=[OPTIONS],produces=[application/alps+json]}" onto org.springframework.http.HttpEntity<?> org.springframework.data.rest.webmvc.alps.AlpsController.alpsOptions()
19-08-2018 19:50:24.068 [restartedMain] INFO  o.s.s.c.ThreadPoolTaskScheduler.initialize - Initializing ExecutorService  'taskScheduler'
19-08-2018 19:50:24.130 [restartedMain] INFO  o.s.b.a.s.s.UserDetailsServiceAutoConfiguration.getOrDeducePassword - 

Using generated security password: 27eb9d12-f36f-47cf-8081-e68cae0900a7

19-08-2018 19:50:24.151 [restartedMain] INFO  o.s.s.web.DefaultSecurityFilterChain.<init> - Creating filter chain: org.springframework.security.web.util.matcher.AnyRequestMatcher@1, [org.springframework.security.web.context.request.async.WebAsyncManagerIntegrationFilter@a801313, org.springframework.security.web.context.SecurityContextPersistenceFilter@1f3d324a, org.springframework.security.web.header.HeaderWriterFilter@3b611dd7, org.springframework.security.web.authentication.logout.LogoutFilter@5202f6c9, org.springframework.security.web.savedrequest.RequestCacheAwareFilter@55f9c0cf, org.springframework.security.web.servletapi.SecurityContextHolderAwareRequestFilter@6645e002, org.springframework.security.web.authentication.AnonymousAuthenticationFilter@62d9b38b, org.springframework.security.web.session.SessionManagementFilter@513cb9ea, org.springframework.security.web.access.ExceptionTranslationFilter@7e36971d, org.springframework.security.web.access.intercept.FilterSecurityInterceptor@4ee9ad19]
19-08-2018 19:50:24.194 [restartedMain] INFO  o.s.b.d.a.OptionalLiveReloadServer.startServer - LiveReload server is running on port 35729
19-08-2018 19:50:24.257 [restartedMain] INFO  o.s.j.e.a.AnnotationMBeanExporter.afterSingletonsInstantiated - Registering beans for JMX exposure on startup
19-08-2018 19:50:24.258 [restartedMain] INFO  o.s.j.e.a.AnnotationMBeanExporter.autodetect - Bean with name 'dataSource' has been autodetected for JMX exposure
19-08-2018 19:50:24.265 [restartedMain] INFO  o.s.j.e.a.AnnotationMBeanExporter.registerBeanInstance - Located MBean 'dataSource': registering with JMX server as MBean [com.zaxxer.hikari:name=dataSource,type=HikariDataSource]
19-08-2018 19:50:24.274 [restartedMain] INFO  o.s.c.s.DefaultLifecycleProcessor.start - Starting beans in phase 0
19-08-2018 19:50:24.275 [restartedMain] INFO  o.s.i.endpoint.EventDrivenConsumer.logComponentSubscriptionEvent - Adding {logging-channel-adapter:_org.springframework.integration.errorLogger} as a subscriber to the 'errorChannel' channel
19-08-2018 19:50:24.276 [restartedMain] INFO  o.s.i.c.PublishSubscribeChannel.adjustCounterIfNecessary - Channel 'application.errorChannel' has 1 subscriber(s).
19-08-2018 19:50:24.276 [restartedMain] INFO  o.s.i.endpoint.EventDrivenConsumer.start - started _org.springframework.integration.errorLogger
19-08-2018 19:50:24.287 [restartedMain] INFO  o.s.b.w.e.tomcat.TomcatWebServer.start - Tomcat started on port(s): 8080 (http) with context path ''
19-08-2018 19:50:24.289 [restartedMain] INFO  com.demo.ClusterDemoFinalApplication.logStarted - Started ClusterDemoFinalApplication in 2.567 seconds (JVM running for 440.083)
19-08-2018 19:50:24.294 [restartedMain] INFO  o.s.b.d.a.ConditionEvaluationDeltaLoggingListener.onApplicationEvent - Condition evaluation unchanged
19-08-2018 19:54:05.678 [Thread-31] INFO  o.s.b.w.s.c.AnnotationConfigServletWebServerApplicationContext.doClose - Closing org.springframework.boot.web.servlet.context.AnnotationConfigServletWebServerApplicationContext@73787a74: startup date [Sun Aug 19 19:50:21 PDT 2018]; root of context hierarchy
19-08-2018 19:54:05.685 [Thread-31] INFO  o.s.c.s.DefaultLifecycleProcessor.stop - Stopping beans in phase 0
19-08-2018 19:54:05.686 [Thread-31] INFO  o.s.i.endpoint.EventDrivenConsumer.logComponentSubscriptionEvent - Removing {logging-channel-adapter:_org.springframework.integration.errorLogger} as a subscriber to the 'errorChannel' channel
19-08-2018 19:54:05.686 [Thread-31] INFO  o.s.i.c.PublishSubscribeChannel.adjustCounterIfNecessary - Channel 'application.errorChannel' has 0 subscriber(s).
19-08-2018 19:54:05.686 [Thread-31] INFO  o.s.i.endpoint.EventDrivenConsumer.stop - stopped _org.springframework.integration.errorLogger
19-08-2018 19:54:05.688 [Thread-31] INFO  o.s.s.c.ThreadPoolTaskScheduler.shutdown - Shutting down ExecutorService 'taskScheduler'
19-08-2018 19:54:05.689 [Thread-31] INFO  o.s.j.e.a.AnnotationMBeanExporter.destroy - Unregistering JMX-exposed beans on shutdown
19-08-2018 19:54:05.689 [Thread-31] INFO  o.s.j.e.a.AnnotationMBeanExporter.unregisterBeans - Unregistering JMX-exposed beans
19-08-2018 19:54:05.691 [Thread-31] INFO  o.s.o.j.LocalContainerEntityManagerFactoryBean.destroy - Closing JPA EntityManagerFactory for persistence unit 'default'
19-08-2018 19:54:05.692 [Thread-31] INFO  o.h.t.s.i.SchemaDropperImpl$DelayedDropActionImpl.perform - HHH000477: Starting delayed drop of schema as part of SessionFactory shut-down'
19-08-2018 19:54:05.695 [Thread-31] WARN  o.s.b.f.s.DisposableBeanAdapter.destroy - Invocation of destroy method failed on bean with name 'inMemoryDatabaseShutdownExecutor': org.h2.jdbc.JdbcSQLException: Database is already closed (to disable automatic closing at VM shutdown, add ";DB_CLOSE_ON_EXIT=FALSE" to the db URL) [90121-197]
19-08-2018 19:54:05.696 [Thread-31] INFO  com.zaxxer.hikari.HikariDataSource.close - HikariPool-4 - Shutdown initiated...
19-08-2018 19:54:05.699 [Thread-31] INFO  com.zaxxer.hikari.HikariDataSource.close - HikariPool-4 - Shutdown completed.
